2018-04-23 13:10:48 [-][-][-][error][yii\db\Exception] exception 'PDOException' with message 'SQLSTATE[HY000] [1049] Unknown database 'yii2advanced'' in C:\xampp\htdocs\advanced\vendor\yiisoft\yii2\db\Connection.php:687
Stack trace:
#0 C:\xampp\htdocs\advanced\vendor\yiisoft\yii2\db\Connection.php(687): PDO->__construct('mysql:host=loca...', 'root', '', NULL)
#1 C:\xampp\htdocs\advanced\vendor\yiisoft\yii2\db\Connection.php(613): yii\db\Connection->createPdoInstance()
#2 C:\xampp\htdocs\advanced\vendor\yiisoft\yii2\db\Connection.php(996): yii\db\Connection->open()
#3 C:\xampp\htdocs\advanced\vendor\yiisoft\yii2\db\Connection.php(983): yii\db\Connection->getMasterPdo()
#4 C:\xampp\htdocs\advanced\vendor\yiisoft\yii2\db\Command.php(253): yii\db\Connection->getSlavePdo()
#5 C:\xampp\htdocs\advanced\vendor\yiisoft\yii2\db\Command.php(1143): yii\db\Command->prepare(true)
#6 C:\xampp\htdocs\advanced\vendor\yiisoft\yii2\db\Command.php(399): yii\db\Command->queryInternal('fetchAll', NULL)
#7 C:\xampp\htdocs\advanced\vendor\yiisoft\yii2\db\mysql\Schema.php(312): yii\db\Command->queryAll()
#8 C:\xampp\htdocs\advanced\vendor\yiisoft\yii2\db\mysql\Schema.php(125): yii\db\mysql\Schema->findColumns(Object(yii\db\TableSchema))
#9 C:\xampp\htdocs\advanced\vendor\yiisoft\yii2\db\Schema.php(744): yii\db\mysql\Schema->loadTableSchema('migration')
#10 C:\xampp\htdocs\advanced\vendor\yiisoft\yii2\db\Schema.php(194): yii\db\Schema->getTableMetadata('{{%migration}}', 'schema', true)
#11 C:\xampp\htdocs\advanced\vendor\yiisoft\yii2\console\controllers\MigrateController.php(210): yii\db\Schema->getTableSchema('{{%migration}}', true)
#12 C:\xampp\htdocs\advanced\vendor\yiisoft\yii2\console\controllers\BaseMigrateController.php(875): yii\console\controllers\MigrateController->getMigrationHistory(NULL)
#13 C:\xampp\htdocs\advanced\vendor\yiisoft\yii2\console\controllers\BaseMigrateController.php(166): yii\console\controllers\BaseMigrateController->getNewMigrations()
#14 [internal function]: yii\console\controllers\BaseMigrateController->actionUp(0)
#15 C:\xampp\htdocs\advanced\vendor\yiisoft\yii2\base\InlineAction.php(57): call_user_func_array(Array, Array)
#16 C:\xampp\htdocs\advanced\vendor\yiisoft\yii2\base\Controller.php(157): yii\base\InlineAction->runWithParams(Array)
#17 C:\xampp\htdocs\advanced\vendor\yiisoft\yii2\console\Controller.php(148): yii\base\Controller->runAction('', Array)
#18 C:\xampp\htdocs\advanced\vendor\yiisoft\yii2\base\Module.php(528): yii\console\Controller->runAction('', Array)
#19 C:\xampp\htdocs\advanced\vendor\yiisoft\yii2\console\Application.php(180): yii\base\Module->runAction('migrate', Array)
#20 C:\xampp\htdocs\advanced\vendor\yiisoft\yii2\console\Application.php(147): yii\console\Application->runAction('migrate', Array)
#21 C:\xampp\htdocs\advanced\vendor\yiisoft\yii2\base\Application.php(386): yii\console\Application->handleRequest(Object(yii\console\Request))
#22 C:\xampp\htdocs\advanced\yii(23): yii\base\Application->run()
#23 {main}

Next exception 'yii\db\Exception' with message 'SQLSTATE[HY000] [1049] Unknown database 'yii2advanced'' in C:\xampp\htdocs\advanced\vendor\yiisoft\yii2\db\Connection.php:624
Stack trace:
#0 C:\xampp\htdocs\advanced\vendor\yiisoft\yii2\db\Connection.php(996): yii\db\Connection->open()
#1 C:\xampp\htdocs\advanced\vendor\yiisoft\yii2\db\Connection.php(983): yii\db\Connection->getMasterPdo()
#2 C:\xampp\htdocs\advanced\vendor\yiisoft\yii2\db\Command.php(253): yii\db\Connection->getSlavePdo()
#3 C:\xampp\htdocs\advanced\vendor\yiisoft\yii2\db\Command.php(1143): yii\db\Command->prepare(true)
#4 C:\xampp\htdocs\advanced\vendor\yiisoft\yii2\db\Command.php(399): yii\db\Command->queryInternal('fetchAll', NULL)
#5 C:\xampp\htdocs\advanced\vendor\yiisoft\yii2\db\mysql\Schema.php(312): yii\db\Command->queryAll()
#6 C:\xampp\htdocs\advanced\vendor\yiisoft\yii2\db\mysql\Schema.php(125): yii\db\mysql\Schema->findColumns(Object(yii\db\TableSchema))
#7 C:\xampp\htdocs\advanced\vendor\yiisoft\yii2\db\Schema.php(744): yii\db\mysql\Schema->loadTableSchema('migration')
#8 C:\xampp\htdocs\advanced\vendor\yiisoft\yii2\db\Schema.php(194): yii\db\Schema->getTableMetadata('{{%migration}}', 'schema', true)
#9 C:\xampp\htdocs\advanced\vendor\yiisoft\yii2\console\controllers\MigrateController.php(210): yii\db\Schema->getTableSchema('{{%migration}}', true)
#10 C:\xampp\htdocs\advanced\vendor\yiisoft\yii2\console\controllers\BaseMigrateController.php(875): yii\console\controllers\MigrateController->getMigrationHistory(NULL)
#11 C:\xampp\htdocs\advanced\vendor\yiisoft\yii2\console\controllers\BaseMigrateController.php(166): yii\console\controllers\BaseMigrateController->getNewMigrations()
#12 [internal function]: yii\console\controllers\BaseMigrateController->actionUp(0)
#13 C:\xampp\htdocs\advanced\vendor\yiisoft\yii2\base\InlineAction.php(57): call_user_func_array(Array, Array)
#14 C:\xampp\htdocs\advanced\vendor\yiisoft\yii2\base\Controller.php(157): yii\base\InlineAction->runWithParams(Array)
#15 C:\xampp\htdocs\advanced\vendor\yiisoft\yii2\console\Controller.php(148): yii\base\Controller->runAction('', Array)
#16 C:\xampp\htdocs\advanced\vendor\yiisoft\yii2\base\Module.php(528): yii\console\Controller->runAction('', Array)
#17 C:\xampp\htdocs\advanced\vendor\yiisoft\yii2\console\Application.php(180): yii\base\Module->runAction('migrate', Array)
#18 C:\xampp\htdocs\advanced\vendor\yiisoft\yii2\console\Application.php(147): yii\console\Application->runAction('migrate', Array)
#19 C:\xampp\htdocs\advanced\vendor\yiisoft\yii2\base\Application.php(386): yii\console\Application->handleRequest(Object(yii\console\Request))
#20 C:\xampp\htdocs\advanced\yii(23): yii\base\Application->run()
#21 {main}
Additional Information:

2018-04-23 13:10:48 [-][-][-][info][application] $_GET = []

$_POST = []

$_FILES = []

$_COOKIE = []

$_SERVER = [
    'ALLUSERSPROFILE' => 'C:\\ProgramData'
    'APPDATA' => 'C:\\Users\\qjintao\\AppData\\Roaming'
    'AutInstLog' => 'C:\\ProgramData\\Siemens\\Automation\\Logfiles\\Setup\\'
    'ChocolateyInstall' => 'C:\\ProgramData\\chocolatey'
    'ChocolateyLastPathUpdate' => 'Fri May 12 10:03:15 2017'
    'CommonProgramFiles' => 'C:\\Program Files (x86)\\Common Files'
    'CommonProgramFiles(x86)' => 'C:\\Program Files (x86)\\Common Files'
    'CommonProgramW6432' => 'C:\\Program Files\\Common Files'
    'COMPUTERNAME' => 'CNYGI009'
    'ComSpec' => 'C:\\Windows\\system32\\cmd.exe'
    'FP_NO_HOST_CHECK' => 'NO'
    'GDAL_DATA' => 'C:\\Program Files\\PostgreSQL\\9.5\\gdal-data'
    'HOMEDRIVE' => 'C:'
    'HOMEPATH' => '\\Users\\qjintao'
    'LOCALAPPDATA' => 'C:\\Users\\qjintao\\AppData\\Local'
    'LOGONSERVER' => '\\\\SZ-DC2-2K12'
    'NUMBER_OF_PROCESSORS' => '4'
    'OS' => 'Windows_NT'
    'Path' => 'C:\\Windows\\system32;C:\\Windows;C:\\Windows\\System32\\Wbem;C:\\Windows\\System32\\WindowsPowerShell\\v1.0\\;C:\\Program Files\\Git\\cmd;C:\\xampp\\php;C:\\ProgramData\\ComposerSetup\\bin;C:\\Python35\\Lib\\site-packages\\django\\bin;C:\\Python35\\Scripts\\;C:\\Python35\\;C:\\Python35\\Scripts\\;C:\\Python35\\;C:\\Users\\qjintao\\AppData\\Roaming\\Composer\\vendor\\bin;C:\\Python35\\Lib\\site-packages\\django'
    'PATHEXT' => '.COM;.EXE;.BAT;.CMD;.VBS;.VBE;.JS;.JSE;.WSF;.WSH;.MSC'
    'PHP_COMMAND' => 'php.exe'
    'POSTGIS_ENABLE_OUTDB_RASTERS' => '1'
    'POSTGIS_GDAL_ENABLED_DRIVERS' => 'GTiff PNG JPEG GIF XYZ DTED USGSDEM AAIGrid'
    'PROCESSOR_ARCHITECTURE' => 'x86'
    'PROCESSOR_ARCHITEW6432' => 'AMD64'
    'PROCESSOR_IDENTIFIER' => 'Intel64 Family 6 Model 94 Stepping 3, GenuineIntel'
    'PROCESSOR_LEVEL' => '6'
    'PROCESSOR_REVISION' => '5e03'
    'ProgramData' => 'C:\\ProgramData'
    'ProgramFiles' => 'C:\\Program Files (x86)'
    'ProgramFiles(x86)' => 'C:\\Program Files (x86)'
    'ProgramW6432' => 'C:\\Program Files'
    'PROMPT' => '$P$G'
    'PSModulePath' => 'C:\\Windows\\system32\\WindowsPowerShell\\v1.0\\Modules\\'
    'PUBLIC' => 'C:\\Users\\Public'
    'SESSIONNAME' => 'Console'
    'Simatic_OAM' => 'C:\\Program Files\\Common Files\\Siemens\\Automation\\Simatic OAM'
    'Simatic_OAM_DATA' => 'C:\\ProgramData\\Siemens\\Automation\\Simatic OAM'
    'SystemDrive' => 'C:'
    'SystemRoot' => 'C:\\Windows'
    'TEMP' => 'C:\\Users\\qjintao\\AppData\\Local\\Temp'
    'TMP' => 'C:\\Users\\qjintao\\AppData\\Local\\Temp'
    'USERDNSDOMAIN' => 'YGINET.COM'
    'USERDOMAIN' => 'YGINET'
    'USERDOMAIN_ROAMINGPROFILE' => 'YGINET'
    'USERNAME' => 'qjintao'
    'USERPROFILE' => 'C:\\Users\\qjintao'
    'windir' => 'C:\\Windows'
    'YII_PATH' => 'C:\\xampp\\htdocs\\advanced\\'
    'PHP_SELF' => 'C:\\xampp\\htdocs\\advanced\\yii'
    'SCRIPT_NAME' => 'C:\\xampp\\htdocs\\advanced\\yii'
    'SCRIPT_FILENAME' => 'C:\\xampp\\htdocs\\advanced\\yii'
    'PATH_TRANSLATED' => 'C:\\xampp\\htdocs\\advanced\\yii'
    'DOCUMENT_ROOT' => ''
    'REQUEST_TIME_FLOAT' => 1524481848.8015
    'REQUEST_TIME' => 1524481848
    'argv' => [
        0 => 'C:\\xampp\\htdocs\\advanced\\yii'
        1 => 'migrate'
    ]
    'argc' => 2
]
